<?xml version="1.0" encoding="UTF-8"?>
<testsuite xmlns:xsi="http://www.w3.org/2001/XMLSchema-instance" xsi:noNamespaceSchemaLocation="https://maven.apache.org/surefire/maven-surefire-plugin/xsd/surefire-test-report.xsd" name="com.alicek.appointmentServiceTest.ApptServiceTest" time="0.048" tests="5" errors="0" skipped="0" failures="0">
  <properties>
[...]
</properties>
  <testcase name="testDeleteApptValid" classname="com.alicek.appointmentServiceTest.ApptServiceTest$validInputTests" time="0.015"/>
  <testcase name="testAddApptValid" classname="com.alicek.appointmentServiceTest.ApptServiceTest$validInputTests" time="0.005"/>
  <testcase name="testAddApptNonValidApptDesc" classname="com.alicek.appointmentServiceTest.ApptServiceTest$validInputTests$nonvalidInputTests$addApptTests" time="0.003"/>
  <testcase name="nonvalidDeleteAppt" classname="com.alicek.appointmentServiceTest.ApptServiceTest$validInputTests$nonvalidInputTests$addApptTests" time="0.002"/>
  <testcase name="testaddApptNonValidApptDate" classname="com.alicek.appointmentServiceTest.ApptServiceTest$validInputTests$nonvalidInputTests$addApptTests" time="0.001"/>
</testsuite>